<?xml version="1.0" encoding="UTF-8"?>
<TestRun id="7ce91080-8d67-466a-b868-908c974d52bd" name="sduarte@S015-P06 2016-11-16 09:41:27" runUser="0670086E\sduarte" xmlns="http://microsoft.com/schemas/VisualStudio/TeamTest/2010">
  <TestSettings name="Local" id="02b3b4c5-8979-44a4-b16f-c3e99d0da1c1">
    <Description>Il s'agit des paramètres de test par défaut pour une série de tests locale.</Description>
    <Deployment enabled="false" runDeploymentRoot="sduarte_S015-P06 2016-11-16 09_41_27">
      <DeploymentItem filename="F:\BTS SIO\2ème année\1er semestre\Slam4\CsAddition\CsAddition\bin\Debug\CsAddition.exe" />
    </Deployment>
    <Execution>
      <TestTypeSpecific />
      <AgentRule name="Execution Agents">
      </AgentRule>
    </Execution>
  </TestSettings>
  <Times creation="2016-11-16T09:41:27.3145228+01:00" queuing="2016-11-16T09:41:29.7537667+01:00" start="2016-11-16T09:41:29.8277741+01:00" finish="2016-11-16T09:41:39.4037316+01:00" />
  <ResultSummary outcome="Error">
    <Counters total="1" executed="1" error="0" failed="0" timeout="0" aborted="1" inconclusive="0" passedButRunAborted="0" notRunnable="0" notExecuted="0" disconnected="0" warning="0" passed="0" completed="0" inProgress="0" pending="0" />
    <RunInfos>
      <RunInfo computerName="S015-P06" outcome="Warning" timestamp="2016-11-16T09:41:28.1636077+01:00">
        <Text>Le déploiement est actuellement désactivé. L'élément de déploiement 'CsAddition.exe' sur le test 'TestVb.calcTest.additionTest3' n'a pas été déployé.</Text>
      </RunInfo>
      <RunInfo computerName="S015-P06" outcome="Error" timestamp="2016-11-16T09:41:39.4037316+01:00">
        <Text>Le processus hôte du test s'est fermé de manière inattendue.</Text>
      </RunInfo>
    </RunInfos>
  </ResultSummary>
  <TestDefinitions>
    <UnitTest name="additionTest3" storage="f:\bts sio\2ème année\1er semestre\slam4\csaddition\testvb\bin\debug\testvb.dll" id="f535be44-1056-8e70-cde0-5ec463ba5493">
      <DeploymentItems>
        <DeploymentItem filename="CsAddition.exe" />
      </DeploymentItems>
      <Execution id="ef2d88eb-394c-445b-8e4d-7a77b45bd03f" />
      <TestMethod codeBase="F:/BTS SIO/2ème année/1er semestre/Slam4/CsAddition/TestVb/bin/Debug/TestVb.DLL" adapterTypeName="Microsoft.VisualStudio.TestTools.TestTypes.Unit.UnitTestAdapter, Microsoft.VisualStudio.QualityTools.Tips.UnitTest.Adapter, Version=10.0.0.0, Culture=neutral, PublicKeyToken=b03f5f7f11d50a3a" className="TestVb.calcTest, TestVb, Version=1.0.0.0, Culture=neutral, PublicKeyToken=null" name="additionTest3" />
    </UnitTest>
  </TestDefinitions>
  <TestLists>
    <TestList name="Les résultats ne figurent pas dans une liste" id="8c84fa94-04c1-424b-9868-57a2d4851a1d" />
    <TestList name="Tous les résultats chargés" id="19431567-8539-422a-85d7-44ee4e166bda" />
  </TestLists>
  <TestEntries>
    <TestEntry testId="f535be44-1056-8e70-cde0-5ec463ba5493" executionId="b3fff7e8-29df-4919-a0fd-7b4a5e2ac080" testListId="8c84fa94-04c1-424b-9868-57a2d4851a1d" />
  </TestEntries>
  <Results>
    <UnitTestResult executionId="b3fff7e8-29df-4919-a0fd-7b4a5e2ac080" testId="f535be44-1056-8e70-cde0-5ec463ba5493" testName="additionTest3" computerName="S015-P06" duration="00:00:09.1269126" startTime="2016-11-16T09:41:30.2768190+01:00" endTime="2016-11-16T09:41:39.4037316+01:00" testType="13cdc9d9-ddb5-4fa4-a97d-d965ccfc6d4b" outcome="Aborted" testListId="8c84fa94-04c1-424b-9868-57a2d4851a1d" relativeResultsDirectory="b3fff7e8-29df-4919-a0fd-7b4a5e2ac080">
    </UnitTestResult>
  </Results>
</TestRun>